  Battleship.c
C:\Users\arantxasierra\source\repos\PA6\PA6\Battleship.c(328,13): warning C4047: '==': 'int *' differs in levels of indirection from 'int'
C:\Users\arantxasierra\source\repos\PA6\PA6\Battleship.c(328,25): warning C4047: '==': 'int *' differs in levels of indirection from 'int'
C:\Users\arantxasierra\source\repos\PA6\PA6\Battleship.c(328,37): warning C4047: '==': 'int *' differs in levels of indirection from 'int'
C:\Users\arantxasierra\source\repos\PA6\PA6\Battleship.c(328,49): warning C4047: '==': 'int *' differs in levels of indirection from 'int'
C:\Users\arantxasierra\source\repos\PA6\PA6\Battleship.c(379,22): warning C4028: formal parameter 1 different from declaration
C:\Users\arantxasierra\source\repos\PA6\PA6\Battleship.c(379,33): warning C4028: formal parameter 2 different from declaration
C:\Users\arantxasierra\source\repos\PA6\PA6\Battleship.c(383,20): warning C4477: 'fprintf' : format string '%lf' requires an argument of type 'double', but variadic argument 4 has type 'int'
C:\Users\arantxasierra\source\repos\PA6\PA6\Battleship.c(383,154): warning C4474: 'fprintf' : too many arguments passed for format string
      C:\Users\arantxasierra\source\repos\PA6\PA6\Battleship.c(383,154):
      placeholders and their parameters expect 4 variadic arguments, but 5 were provided
  
C:\Users\arantxasierra\source\repos\PA6\PA6\Battleship.c(384,20): warning C4477: 'fprintf' : format string '%lf' requires an argument of type 'double', but variadic argument 4 has type 'int'
C:\Users\arantxasierra\source\repos\PA6\PA6\Battleship.c(384,154): warning C4474: 'fprintf' : too many arguments passed for format string
      C:\Users\arantxasierra\source\repos\PA6\PA6\Battleship.c(384,154):
      placeholders and their parameters expect 4 variadic arguments, but 5 were provided
  
  Main.c
C:\Users\arantxasierra\source\repos\PA6\PA6\Main.c(12,8): warning C4013: 'time' undefined; assuming extern returning int
C:\Users\arantxasierra\source\repos\PA6\PA6\Main.c(39,3): warning C4013: 'display_board1' undefined; assuming extern returning int
C:\Users\arantxasierra\source\repos\PA6\PA6\Main.c(42,3): warning C4013: 'Sleep' undefined; assuming extern returning int
C:\Users\arantxasierra\source\repos\PA6\PA6\Main.c(49,5): warning C4013: 'display_board2' undefined; assuming extern returning int
  Generating Code...
  PA6.vcxproj -> C:\Users\arantxasierra\source\repos\PA6\ARM64\Debug\PA6.exe
